<?xml version="1.0" encoding="UTF-8"?>
<!-- Generated by org.testng.reporters.JUnitReportReporter -->
<testsuite hostname="Nuke-Macbook" failures="0" tests="1" name="com.test.chaka.loginTest" time="1.001" errors="0" timestamp="2021-01-19T21:54:57 WAT" skipped="0">
  <testcase classname="com.test.chaka.loginTest" name="signup" time="1.001"/>
  <system-out/>
</testsuite> <!-- com.test.chaka.loginTest -->
