<?xml version="1.0" encoding="UTF-8"?>
<!-- Generated by org.testng.reporters.JUnitReportReporter -->
<testsuite hostname="Nuke-Macbook" failures="0" tests="2" name="com.test.chaka.fundingprocess" time="7.607" errors="0" timestamp="2021-01-19T23:05:23 WAT" skipped="0">
  <testcase classname="com.test.chaka.fundingprocess" name="signin" time="2.079"/>
  <system-out/>
  <testcase classname="com.test.chaka.fundingprocess" name="fundaccnt" time="5.528"/>
  <system-out/>
</testsuite> <!-- com.test.chaka.fundingprocess -->
