<?xml version="1.0" encoding="UTF-8"?>
<!-- Generated by org.testng.reporters.JUnitReportReporter -->
<testsuite hostname="Nuke-Macbook" failures="0" tests="2" name="com.test.chaka.fundingprocess" time="7.054" errors="0" timestamp="2021-01-19T23:00:35 WAT" skipped="0">
  <testcase classname="com.test.chaka.fundingprocess" name="signin" time="1.234"/>
  <system-out/>
  <testcase classname="com.test.chaka.fundingprocess" name="fundaccnt" time="5.820"/>
  <system-out/>
</testsuite> <!-- com.test.chaka.fundingprocess -->
