<?xml version="1.0" encoding="UTF-8"?>
<!-- Generated by org.testng.reporters.JUnitReportReporter -->
<testsuite hostname="Nuke-Macbook" failures="0" tests="3" name="com.test.chaka.profileUpdate" time="5.966" errors="0" timestamp="2021-01-20T00:00:42 WAT" skipped="0">
  <testcase classname="com.test.chaka.profileUpdate" name="signin" time="0.991"/>
  <system-out/>
  <testcase classname="com.test.chaka.profileUpdate" name="fundaccnt" time="4.482"/>
  <system-out/>
  <testcase classname="com.test.chaka.profileUpdate" name="pupdate" time="0.493"/>
  <system-out/>
</testsuite> <!-- com.test.chaka.profileUpdate -->
