<?xml version="1.0" encoding="UTF-8"?>
<!-- Generated by org.testng.reporters.JUnitReportReporter -->
<testsuite hostname="Nuke-Macbook" failures="0" tests="1" name="com.test.chaka.testBase" time="0.314" errors="0" timestamp="2021-01-16T16:27:45 WAT" skipped="0">
  <testcase classname="com.test.chaka.testBase" name="signup" time="0.314"/>
  <system-out/>
</testsuite> <!-- com.test.chaka.testBase -->
