<?xml version="1.0" encoding="UTF-8"?>
<!-- Generated by org.testng.reporters.JUnitReportReporter -->
<testsuite hostname="Nuke-Macbook" failures="0" tests="3" name="com.test.chaka.profileUpdate" time="4.770" errors="0" timestamp="2021-01-19T23:58:50 WAT" skipped="0">
  <testcase classname="com.test.chaka.profileUpdate" name="signin" time="0.858"/>
  <system-out/>
  <testcase classname="com.test.chaka.profileUpdate" name="fundaccnt" time="3.434"/>
  <system-out/>
  <testcase classname="com.test.chaka.profileUpdate" name="pupdate" time="0.478"/>
  <system-out/>
</testsuite> <!-- com.test.chaka.profileUpdate -->
