<?xml version="1.0" encoding="UTF-8"?>
<!-- Generated by org.testng.reporters.JUnitReportReporter -->
<testsuite hostname="Nuke-Macbook" failures="0" tests="2" name="com.test.chaka.fundingprocess" time="6.947" errors="0" timestamp="2021-01-19T23:14:52 WAT" skipped="0">
  <testcase classname="com.test.chaka.fundingprocess" name="signin" time="2.012"/>
  <system-out/>
  <testcase classname="com.test.chaka.fundingprocess" name="fundaccnt" time="4.935"/>
  <system-out/>
</testsuite> <!-- com.test.chaka.fundingprocess -->
